0 verbose cli /Users/jtavarez/.nvm/versions/node/v24.11.0/bin/node /Users/jtavarez/.nvm/versions/node/v24.11.0/lib/node_modules/npm/bin/npm-cli.js
1 info using npm@11.6.1
2 info using node@v24.11.0
3 silly config load:file:/Users/jtavarez/.nvm/versions/node/v24.11.0/lib/node_modules/npm/npmrc
4 silly config load:file:/Volumes/jtavarezSSDMac/OTA-EXPO/app/demo-app/.npmrc
5 silly config load:file:/Volumes/jtavarezSSDMac/OTA-EXPO/app/demo-app/.fake_home/.npmrc
6 silly config load:file:/Users/jtavarez/.nvm/versions/node/v24.11.0/etc/npmrc
7 verbose title npm exec expo start --lan
8 verbose argv "exec" "--" "expo" "start" "--lan"
9 verbose logfile logs-max:10 dir:/Volumes/jtavarezSSDMac/OTA-EXPO/app/demo-app/.fake_home/.npm/_logs/2026-01-14T23_35_28_760Z-
10 verbose logfile /Volumes/jtavarezSSDMac/OTA-EXPO/app/demo-app/.fake_home/.npm/_logs/2026-01-14T23_35_28_760Z-debug-0.log
11 silly logfile done cleaning log files
12 http fetch GET 200 https://registry.npmjs.org/npm 460ms
13 verbose cwd /Volumes/jtavarezSSDMac/OTA-EXPO/app/demo-app
14 verbose os Darwin 24.6.0
15 verbose node v24.11.0
16 verbose npm  v11.6.1
17 notice
17 notice New [33mminor[39m version of npm available! [33m11.6.1[39m -> [34m11.7.0[39m
17 notice Changelog: [34mhttps://github.com/npm/cli/releases/tag/v11.7.0[39m
17 notice To update run: [4mnpm install -g npm@11.7.0[24m
17 notice  { force: true, Symbol(proc-log.meta): true }
18 verbose exit 0
19 info ok
